<?xml version="1.0" encoding="UTF-8"?>
<!-- Generated by org.testng.reporters.JUnitReportReporter -->
<testsuite hostname="AdminPC" name="db.tests.OpenSession" tests="1" failures="0" timestamp="18 Jan 2016 20:38:12 GMT" time="0.017" errors="0">
  <testcase name="testUntitled" time="0.017" classname="db.tests.OpenSession"/>
</testsuite> <!-- db.tests.OpenSession -->
