<?xml version="1.0" encoding="UTF-8"?>
<!-- Generated by org.testng.reporters.JUnitReportReporter -->
<testsuite hostname="dancobygro0020" name="db.tests.TestDB" tests="1" failures="0" timestamp="18 Jan 2016 12:40:06 GMT" time="10.578" errors="0">
  <testcase name="testUntitled" time="10.578" classname="db.tests.TestDB"/>
</testsuite> <!-- db.tests.TestDB -->
