<?xml version="1.0" encoding="UTF-8"?>
<!-- Generated by org.testng.reporters.JUnitReportReporter -->
<testsuite hostname="dancobygro0020" name="db.tests.CheckLastSession" tests="1" failures="0" timestamp="19 Jan 2016 11:34:54 GMT" time="3.377" errors="0">
  <testcase name="testUntitled" time="3.377" classname="db.tests.CheckLastSession"/>
</testsuite> <!-- db.tests.CheckLastSession -->
