<?xml version="1.0" encoding="UTF-8"?>
<!-- Generated by org.testng.reporters.JUnitReportReporter -->
<testsuite hostname="dancobygro0020" name="db.tests.PRICE.IncomingValidation" tests="4" failures="0" timestamp="19 Apr 2016 09:34:48 GMT" time="19.159" errors="0">
  <testcase name="checkFilePreferences" time="2.274" classname="db.tests.PRICE.IncomingValidation"/>
  <testcase name="checkTotalsCalculation" time="10.761" classname="db.tests.PRICE.IncomingValidation"/>
  <testcase name="checkMessageErrors" time="3.059" classname="db.tests.PRICE.IncomingValidation"/>
  <testcase name="checkParsingMessages" time="3.065" classname="db.tests.PRICE.IncomingValidation"/>
</testsuite> <!-- db.tests.PRICE.IncomingValidation -->
