<?xml version="1.0" encoding="UTF-8"?>
<!-- Generated by org.testng.reporters.JUnitReportReporter -->
<testsuite hostname="dancobygro0020" name="db.tests.allWeb.AOpenAllWeb" tests="1" failures="0" timestamp="7 Jun 2016 08:56:03 GMT" time="14.772" errors="0">
  <testcase name="openWeb" time="14.772" classname="db.tests.allWeb.AOpenAllWeb"/>
</testsuite> <!-- db.tests.allWeb.AOpenAllWeb -->
