<?xml version="1.0" encoding="UTF-8"?>
<!-- Generated by org.testng.reporters.JUnitReportReporter -->
<testsuite hostname="dancobygro0020" name="db.tests.PRICE.IncomingValidation" tests="2" failures="0" timestamp="12 Apr 2016 12:56:24 GMT" time="8.010" errors="0">
  <testcase name="checkFilePreferences" time="3.004" classname="db.tests.PRICE.IncomingValidation"/>
  <testcase name="checkTotalsCalculation" time="5.006" classname="db.tests.PRICE.IncomingValidation"/>
</testsuite> <!-- db.tests.PRICE.IncomingValidation -->
