<?xml version="1.0" encoding="UTF-8"?>
<!-- Generated by org.testng.reporters.JUnitReportReporter -->
<testsuite hostname="dancobygro0020" name="db.tests.allWeb.OpenAllWeb" tests="1" failures="0" timestamp="21 Mar 2016 11:30:57 GMT" time="23.176" errors="0">
  <testcase name="openWeb" time="23.176" classname="db.tests.allWeb.OpenAllWeb"/>
</testsuite> <!-- db.tests.allWeb.OpenAllWeb -->
