<?xml version="1.0" encoding="UTF-8"?>
<!-- Generated by org.testng.reporters.JUnitReportReporter -->
<testsuite hostname="dancobygro0020" name="db.tests.PRICE.IOOperationsPrice" tests="2" failures="0" timestamp="18 Apr 2016 13:26:40 GMT" time="28.402" errors="0">
  <testcase name="aOpenContainerPage" time="22.986" classname="db.tests.PRICE.IOOperationsPrice"/>
  <testcase name="bCheckAndCompareAmountMessages" time="5.416" classname="db.tests.PRICE.IOOperationsPrice"/>
</testsuite> <!-- db.tests.PRICE.IOOperationsPrice -->
