<?xml version="1.0" encoding="UTF-8"?>
<!-- Generated by org.testng.reporters.JUnitReportReporter -->
<testsuite hostname="AdminPC" name="db.tests.CloseSession" tests="1" failures="0" timestamp="21 Jan 2016 18:00:30 GMT" time="1.174" errors="0">
  <testcase name="testUntitled" time="1.174" classname="db.tests.CloseSession"/>
</testsuite> <!-- db.tests.CloseSession -->
