<?xml version="1.0" encoding="UTF-8"?>
<!-- Generated by org.testng.reporters.JUnitReportReporter -->
<testsuite hostname="dancobygro0020" name="db.tests.PRICE.IOOperationsPrice" tests="2" failures="0" timestamp="21 Apr 2016 09:53:40 GMT" time="87.710" errors="0">
  <testcase name="eAddNewRecordValid" time="62.992" classname="db.tests.PRICE.IOOperationsPrice"/>
  <testcase name="aOpenContainerPage" time="24.718" classname="db.tests.PRICE.IOOperationsPrice"/>
</testsuite> <!-- db.tests.PRICE.IOOperationsPrice -->
