<?xml version="1.0" encoding="UTF-8"?>
<!-- Generated by org.testng.reporters.JUnitReportReporter -->
<testsuite hostname="dancobygro0020" name="db.tests.PRICE.IncomingValidation" tests="3" failures="0" timestamp="23 Jun 2016 13:11:56 GMT" time="17.832" errors="0">
  <testcase name="bCompareRecorsCount" time="1.427" classname="db.tests.PRICE.IncomingValidation"/>
  <testcase name="cCheckTotalsCalculation" time="9.900" classname="db.tests.PRICE.IncomingValidation"/>
  <testcase name="aReadFilesId" time="6.505" classname="db.tests.PRICE.IncomingValidation"/>
</testsuite> <!-- db.tests.PRICE.IncomingValidation -->
