<?xml version="1.0" encoding="UTF-8"?>
<!-- Generated by org.testng.reporters.JUnitReportReporter -->
<testsuite hostname="dancobygro0020" name="db.tests.Test1" tests="1" failures="0" timestamp="19 Jan 2016 14:23:51 GMT" time="0.000" errors="0">
  <testcase name="testUntitled" time="0.000" classname="db.tests.Test1"/>
</testsuite> <!-- db.tests.Test1 -->
