<?xml version="1.0" encoding="UTF-8"?>
<!-- Generated by org.testng.reporters.JUnitReportReporter -->
<testsuite hostname="dancobygro0020" name="db.tests.PRICE.IncomingValidation" tests="3" failures="0" timestamp="24 Jun 2016 15:10:49 GMT" time="32.630" errors="0">
  <testcase name="cCheckTotalsCalculation" time="25.558" classname="db.tests.PRICE.IncomingValidation"/>
  <testcase name="aReadFilesId" time="5.603" classname="db.tests.PRICE.IncomingValidation"/>
  <testcase name="bCompareRecorsCount" time="1.469" classname="db.tests.PRICE.IncomingValidation"/>
</testsuite> <!-- db.tests.PRICE.IncomingValidation -->
