<?xml version="1.0" encoding="UTF-8"?>
<!-- Generated by org.testng.reporters.JUnitReportReporter -->
<testsuite hostname="AdminPC" name="db.tests.OpenSession" tests="1" failures="0" timestamp="21 Jan 2016 18:00:30 GMT" time="18.447" errors="0">
  <testcase name="testUntitled" time="18.447" classname="db.tests.OpenSession"/>
</testsuite> <!-- db.tests.OpenSession -->
