<?xml version="1.0" encoding="UTF-8"?>
<!-- Generated by org.testng.reporters.JUnitReportReporter -->
<testsuite hostname="AdminPC" name="db.tests.allWeb.OpenContainerPage" tests="1" failures="0" timestamp="11 Apr 2016 19:35:22 GMT" time="16.049" errors="0">
  <testcase name="openContainerPage" time="16.049" classname="db.tests.allWeb.OpenContainerPage"/>
</testsuite> <!-- db.tests.allWeb.OpenContainerPage -->
