<?xml version="1.0" encoding="UTF-8"?>
<!-- Generated by org.testng.reporters.JUnitReportReporter -->
<testsuite hostname="dancobygro0020" name="db.tests.PRICE.ContainerOperationLoadingExecuition" tests="1" failures="0" timestamp="8 Apr 2016 13:07:55 GMT" time="15.075" errors="0">
  <testcase name="openContainerPage" time="15.075" classname="db.tests.PRICE.ContainerOperationLoadingExecuition"/>
</testsuite> <!-- db.tests.PRICE.ContainerOperationLoadingExecuition -->
