<?xml version="1.0" encoding="UTF-8"?>
<!-- Generated by org.testng.reporters.JUnitReportReporter -->
<testsuite hostname="dancobygro0020" name="db.tests.allWeb.Dashboard" tests="1" failures="0" timestamp="21 Mar 2016 08:30:23 GMT" time="10.548" errors="0">
  <testcase name="dashboardOpen" time="10.548" classname="db.tests.allWeb.Dashboard"/>
</testsuite> <!-- db.tests.allWeb.Dashboard -->
