<?xml version="1.0" encoding="UTF-8"?>
<!-- Generated by org.testng.reporters.JUnitReportReporter -->
<testsuite hostname="dancobygro0020" name="db.tests.allWeb.AOpenAllWeb" tests="1" failures="0" timestamp="20 May 2016 16:58:48 GMT" time="13.790" errors="0">
  <testcase name="openWeb" time="13.790" classname="db.tests.allWeb.AOpenAllWeb"/>
</testsuite> <!-- db.tests.allWeb.AOpenAllWeb -->
