<?xml version="1.0" encoding="UTF-8"?>
<!-- Generated by org.testng.reporters.JUnitReportReporter -->
<testsuite hostname="AdminPC" name="db.tests.PRICE.IncomingValidation" tests="3" failures="0" timestamp="21 Jun 2016 21:05:39 GMT" time="17.815" errors="0">
  <testcase name="aReadFilesId" time="4.183" classname="db.tests.PRICE.IncomingValidation"/>
  <testcase name="bCompareRecorsCount" time="0.395" classname="db.tests.PRICE.IncomingValidation"/>
  <testcase name="cCheckTotalsCalculation" time="13.237" classname="db.tests.PRICE.IncomingValidation"/>
</testsuite> <!-- db.tests.PRICE.IncomingValidation -->
