<?xml version="1.0" encoding="UTF-8"?>
<!-- Generated by org.testng.reporters.JUnitReportReporter -->
<testsuite hostname="AdminPC" name="db.tests.CheckLastSession" tests="1" failures="0" timestamp="21 Jan 2016 17:45:46 GMT" time="3.252" errors="0">
  <testcase name="testUntitled" time="3.252" classname="db.tests.CheckLastSession"/>
</testsuite> <!-- db.tests.CheckLastSession -->
