<?xml version="1.0" encoding="UTF-8"?>
<!-- Generated by org.testng.reporters.JUnitReportReporter -->
<testsuite hostname="dancobygro0020" name="db.tests.PRICE.IncomingValidation" tests="2" failures="0" timestamp="12 Apr 2016 10:39:08 GMT" time="6.745" errors="1">
  <testcase name="checkTotalsCalculation" time="3.189" classname="db.tests.PRICE.IncomingValidation">
    <error type="java.lang.NullPointerException">
      <![CDATA[java.lang.NullPointerException
	at org.hibernate.dialect.Dialect$2.getReturnType(Dialect.java:144)
	at org.hibernate.hql.ast.util.SessionFactoryHelper.findFunctionReturnType(SessionFactoryHelper.java:407)
	at org.hibernate.hql.ast.tree.AggregateNode.getDataType(AggregateNode.java:68)
	at org.hibernate.hql.ast.tree.SelectClause.initializeExplicitSelectClause(SelectClause.java:152)
	at org.hibernate.hql.ast.HqlSqlWalker.useSelectClause(HqlSqlWalker.java:845)
	at org.hibernate.hql.ast.HqlSqlWalker.processQuery(HqlSqlWalker.java:633)
	at org.hibernate.hql.antlr.HqlSqlBaseWalker.query(HqlSqlBaseWalker.java:678)
	at org.hibernate.hql.antlr.HqlSqlBaseWalker.selectStatement(HqlSqlBaseWalker.java:294)
	at org.hibernate.hql.antlr.HqlSqlBaseWalker.statement(HqlSqlBaseWalker.java:237)
	at org.hibernate.hql.ast.QueryTranslatorImpl.analyze(QueryTranslatorImpl.java:254)
	at org.hibernate.hql.ast.QueryTranslatorImpl.doCompile(QueryTranslatorImpl.java:185)
	at org.hibernate.hql.ast.QueryTranslatorImpl.compile(QueryTranslatorImpl.java:136)
	at org.hibernate.engine.query.HQLQueryPlan.<init>(HQLQueryPlan.java:101)
	at org.hibernate.engine.query.HQLQueryPlan.<init>(HQLQueryPlan.java:80)
	at org.hibernate.engine.query.QueryPlanCache.getHQLQueryPlan(QueryPlanCache.java:98)
	at org.hibernate.impl.AbstractSessionImpl.getHQLQueryPlan(AbstractSessionImpl.java:156)
	at org.hibernate.impl.AbstractSessionImpl.createQuery(AbstractSessionImpl.java:135)
	at org.hibernate.impl.SessionImpl.createQuery(SessionImpl.java:1760)
	at sun.reflect.NativeMethodAccessorImpl.invoke0(Native Method)
	at sun.reflect.NativeMethodAccessorImpl.invoke(Unknown Source)
	at sun.reflect.DelegatingMethodAccessorImpl.invoke(Unknown Source)
	at java.lang.reflect.Method.invoke(Unknown Source)
	at org.hibernate.context.ThreadLocalSessionContext$TransactionProtectionWrapper.invoke(ThreadLocalSessionContext.java:344)
	at com.sun.proxy.$Proxy9.createQuery(Unknown Source)
	at com.danco.bpc.dao.impl.PRICE.PrcMessagesDaoImpl.sumPrcMessagesP04(PrcMessagesDaoImpl.java:28)
	at com.danco.bpc.service.impl.SERVICES.PrcMessagesServiceImpl.sumPrcMessagesP04(PrcMessagesServiceImpl.java:20)
	at com.danco.bpc.applogicDB.PriceHelper.sumPrcMessagesP04(PriceHelper.java:69)
	at db.tests.PRICE.IncomingValidation.checkTotalsCalculation(IncomingValidation.java:30)
	at sun.reflect.NativeMethodAccessorImpl.invoke0(Native Method)
	at sun.reflect.NativeMethodAccessorImpl.invoke(Unknown Source)
	at sun.reflect.DelegatingMethodAccessorImpl.invoke(Unknown Source)
	at java.lang.reflect.Method.invoke(Unknown Source)
	at org.testng.internal.MethodInvocationHelper.invokeMethod(MethodInvocationHelper.java:86)
	at org.testng.internal.Invoker.invokeMethod(Invoker.java:643)
	at org.testng.internal.Invoker.invokeTestMethod(Invoker.java:820)
	at org.testng.internal.Invoker.invokeTestMethods(Invoker.java:1128)
	at org.testng.internal.TestMethodWorker.invokeTestMethods(TestMethodWorker.java:129)
	at org.testng.internal.TestMethodWorker.run(TestMethodWorker.java:112)
	at org.testng.TestRunner.privateRun(TestRunner.java:782)
	at org.testng.TestRunner.run(TestRunner.java:632)
	at org.testng.SuiteRunner.runTest(SuiteRunner.java:366)
	at org.testng.SuiteRunner.runSequentially(SuiteRunner.java:361)
	at org.testng.SuiteRunner.privateRun(SuiteRunner.java:319)
	at org.testng.SuiteRunner.run(SuiteRunner.java:268)
	at org.testng.SuiteRunnerWorker.runSuite(SuiteRunnerWorker.java:52)
	at org.testng.SuiteRunnerWorker.run(SuiteRunnerWorker.java:86)
	at org.testng.TestNG.runSuitesSequentially(TestNG.java:1244)
	at org.testng.TestNG.runSuitesLocally(TestNG.java:1169)
	at org.testng.TestNG.run(TestNG.java:1064)
	at org.testng.remote.RemoteTestNG.run(RemoteTestNG.java:113)
	at org.testng.remote.RemoteTestNG.initAndRun(RemoteTestNG.java:206)
	at org.testng.remote.RemoteTestNG.main(RemoteTestNG.java:177)
]]>
    </error>
  </testcase> <!-- checkTotalsCalculation -->
  <testcase name="checkFilePreferences" time="3.556" classname="db.tests.PRICE.IncomingValidation"/>
</testsuite> <!-- db.tests.PRICE.IncomingValidation -->
