<?xml version="1.0" encoding="UTF-8"?>
<!-- Generated by org.testng.reporters.JUnitReportReporter -->
<testsuite hostname="AdminPC" name="db.tests.PRICE.ContainerOperationLoadingExecuition" tests="1" failures="0" timestamp="11 Apr 2016 19:35:22 GMT" time="14.261" errors="0">
  <testcase name="openContainerPage" time="14.261" classname="db.tests.PRICE.ContainerOperationLoadingExecuition"/>
</testsuite> <!-- db.tests.PRICE.ContainerOperationLoadingExecuition -->
