<?xml version="1.0" encoding="UTF-8"?>
<!-- Generated by org.testng.reporters.JUnitReportReporter -->
<testsuite hostname="dancobygro0020" name="db.tests.allWeb.OpenContainerPage" tests="1" failures="0" timestamp="15 Mar 2016 08:24:18 GMT" time="35.282" errors="0">
  <testcase name="openContainerPage" time="35.282" classname="db.tests.allWeb.OpenContainerPage"/>
</testsuite> <!-- db.tests.allWeb.OpenContainerPage -->
