<?xml version="1.0" encoding="UTF-8"?>
<!-- Generated by org.testng.reporters.JUnitReportReporter -->
<testsuite hostname="AdminPC" name="db.tests.allWeb.OpenAllWeb" tests="1" failures="0" timestamp="11 Apr 2016 19:35:22 GMT" time="22.537" errors="0">
  <testcase name="openWeb" time="22.537" classname="db.tests.allWeb.OpenAllWeb"/>
</testsuite> <!-- db.tests.allWeb.OpenAllWeb -->
