<?xml version="1.0" encoding="UTF-8"?>
<!-- Generated by org.testng.reporters.JUnitReportReporter -->
<testsuite hostname="AdminPC" name="db.tests.allWeb.OpenContainerPage" tests="1" failures="0" timestamp="8 Apr 2016 20:58:36 GMT" time="12.610" errors="0">
  <testcase name="openContainerPage" time="12.610" classname="db.tests.allWeb.OpenContainerPage"/>
</testsuite> <!-- db.tests.allWeb.OpenContainerPage -->
