<?xml version="1.0" encoding="UTF-8"?>
<!-- Generated by org.testng.reporters.JUnitReportReporter -->
<testsuite hostname="dancobygro0020" name="db.tests.PRICE.IOOperationsPrice" tests="2" failures="0" timestamp="19 Apr 2016 11:55:08 GMT" time="12.300" errors="0">
  <testcase name="bCheckAndCompareAmountMessages" time="4.098" classname="db.tests.PRICE.IOOperationsPrice"/>
  <testcase name="aOpenContainerPage" time="8.202" classname="db.tests.PRICE.IOOperationsPrice"/>
</testsuite> <!-- db.tests.PRICE.IOOperationsPrice -->
