<?xml version="1.0" encoding="UTF-8"?>
<!-- Generated by org.testng.reporters.JUnitReportReporter -->
<testsuite hostname="dancobygro0020" name="db.tests.allWeb.OpenContainerPage" tests="1" failures="0" timestamp="21 Mar 2016 11:30:57 GMT" time="16.231" errors="0">
  <testcase name="openContainerPage" time="16.231" classname="db.tests.allWeb.OpenContainerPage"/>
</testsuite> <!-- db.tests.allWeb.OpenContainerPage -->
