<?xml version="1.0" encoding="UTF-8"?>
<!-- Generated by org.testng.reporters.JUnitReportReporter -->
<testsuite hostname="dancobygro0020" name="db.tests.PRICE.IncomingValidation" tests="1" failures="0" timestamp="17 Jun 2016 07:25:21 GMT" time="4.749" errors="0">
  <testcase name="raedFilesId" time="4.749" classname="db.tests.PRICE.IncomingValidation"/>
</testsuite> <!-- db.tests.PRICE.IncomingValidation -->
