<?xml version="1.0" encoding="UTF-8"?>
<!-- Generated by org.testng.reporters.JUnitReportReporter -->
<testsuite hostname="dancobygro0020" name="db.tests.PRICE.ContainerOperationLoadingExecuition" tests="1" failures="0" timestamp="3 May 2016 11:44:52 GMT" time="0.011" errors="1">
  <testcase name="openContainerPage" time="0.011" classname="db.tests.PRICE.ContainerOperationLoadingExecuition">
    <error type="java.lang.IllegalArgumentException" message="Can not set java.util.ArrayList field com.danco.bpc.pagesAllWeb.MonitoringLotesPage.tableSession to com.sun.proxy.$Proxy13">
      <![CDATA[java.lang.IllegalArgumentException: Can not set java.util.ArrayList field com.danco.bpc.pagesAllWeb.MonitoringLotesPage.tableSession to com.sun.proxy.$Proxy13
	at sun.reflect.UnsafeFieldAccessorImpl.throwSetIllegalArgumentException(Unknown Source)
	at sun.reflect.UnsafeFieldAccessorImpl.throwSetIllegalArgumentException(Unknown Source)
	at sun.reflect.UnsafeObjectFieldAccessorImpl.set(Unknown Source)
	at java.lang.reflect.Field.set(Unknown Source)
	at org.openqa.selenium.support.PageFactory.proxyFields(PageFactory.java:116)
	at org.openqa.selenium.support.PageFactory.initElements(PageFactory.java:104)
	at org.openqa.selenium.support.PageFactory.initElements(PageFactory.java:91)
	at com.danco.bpc.pagesAllWeb.PageManager.initElements(PageManager.java:42)
	at com.danco.bpc.pagesAllWeb.PageManager.<init>(PageManager.java:30)
	at com.danco.bpc.applogicAllWeb.DriverBasedHelper.<init>(DriverBasedHelper.java:17)
	at com.danco.bpc.applogicAllWeb.UserHelper.<init>(UserHelper.java:10)
	at com.danco.bpc.applogicAllWeb.ApplicationManager.<init>(ApplicationManager.java:36)
	at db.tests.PRICE.ContainerOperationLoadingExecuition.openContainerPage(ContainerOperationLoadingExecuition.java:21)
	at sun.reflect.NativeMethodAccessorImpl.invoke0(Native Method)
	at sun.reflect.NativeMethodAccessorImpl.invoke(Unknown Source)
	at sun.reflect.DelegatingMethodAccessorImpl.invoke(Unknown Source)
	at java.lang.reflect.Method.invoke(Unknown Source)
	at org.testng.internal.MethodInvocationHelper.invokeMethod(MethodInvocationHelper.java:86)
	at org.testng.internal.Invoker.invokeMethod(Invoker.java:643)
	at org.testng.internal.Invoker.invokeTestMethod(Invoker.java:820)
	at org.testng.internal.Invoker.invokeTestMethods(Invoker.java:1128)
	at org.testng.internal.TestMethodWorker.invokeTestMethods(TestMethodWorker.java:129)
	at org.testng.internal.TestMethodWorker.run(TestMethodWorker.java:112)
	at org.testng.TestRunner.privateRun(TestRunner.java:782)
	at org.testng.TestRunner.run(TestRunner.java:632)
	at org.testng.SuiteRunner.runTest(SuiteRunner.java:366)
	at org.testng.SuiteRunner.runSequentially(SuiteRunner.java:361)
	at org.testng.SuiteRunner.privateRun(SuiteRunner.java:319)
	at org.testng.SuiteRunner.run(SuiteRunner.java:268)
	at org.testng.SuiteRunnerWorker.runSuite(SuiteRunnerWorker.java:52)
	at org.testng.SuiteRunnerWorker.run(SuiteRunnerWorker.java:86)
	at org.testng.TestNG.runSuitesSequentially(TestNG.java:1244)
	at org.testng.TestNG.runSuitesLocally(TestNG.java:1169)
	at org.testng.TestNG.run(TestNG.java:1064)
	at org.testng.remote.RemoteTestNG.run(RemoteTestNG.java:113)
	at org.testng.remote.RemoteTestNG.initAndRun(RemoteTestNG.java:206)
	at org.testng.remote.RemoteTestNG.main(RemoteTestNG.java:177)
]]>
    </error>
  </testcase> <!-- openContainerPage -->
</testsuite> <!-- db.tests.PRICE.ContainerOperationLoadingExecuition -->
