<?xml version="1.0" encoding="UTF-8"?>
<!-- Generated by org.testng.reporters.JUnitReportReporter -->
<testsuite hostname="dancobygro0020" name="db.tests.Test2" tests="1" failures="0" timestamp="10 Mar 2016 10:05:52 GMT" time="0.002" errors="0">
  <testcase name="testUntitled" time="0.002" classname="db.tests.Test2"/>
</testsuite> <!-- db.tests.Test2 -->
