<?xml version="1.0" encoding="UTF-8"?>
<!-- Generated by org.testng.reporters.JUnitReportReporter -->
<testsuite hostname="dancobygro0020" name="db.tests.allWeb.OpenAllWeb" tests="1" failures="0" timestamp="10 Mar 2016 15:53:50 GMT" time="20.642" errors="0">
  <testcase name="openWeb" time="20.642" classname="db.tests.allWeb.OpenAllWeb"/>
</testsuite> <!-- db.tests.allWeb.OpenAllWeb -->
