<?xml version="1.0" encoding="UTF-8"?>
<!-- Generated by org.testng.reporters.JUnitReportReporter -->
<testsuite hostname="AdminPC" name="db.tests.PRICE.CheckRecordsAmount" tests="1" failures="0" timestamp="11 Apr 2016 21:06:44 GMT" time="3.218" errors="0">
  <testcase name="checkRecordsAmount" time="3.218" classname="db.tests.PRICE.CheckRecordsAmount"/>
</testsuite> <!-- db.tests.PRICE.CheckRecordsAmount -->
