<?xml version="1.0" encoding="UTF-8"?>
<!-- Generated by org.testng.reporters.JUnitReportReporter -->
<testsuite hostname="AdminPC" name="db.tests.PRICE.IncomingValidation" tests="3" failures="0" timestamp="27 Jun 2016 22:11:48 GMT" time="47.358" errors="0">
  <testcase name="aReadFilesId" time="6.053" classname="db.tests.PRICE.IncomingValidation"/>
  <testcase name="bCompareRecorsCount" time="1.786" classname="db.tests.PRICE.IncomingValidation"/>
  <testcase name="cCheckTotalsCalculation" time="39.519" classname="db.tests.PRICE.IncomingValidation"/>
</testsuite> <!-- db.tests.PRICE.IncomingValidation -->
