<?xml version="1.0" encoding="UTF-8"?>
<!-- Generated by org.testng.reporters.JUnitReportReporter -->
<testsuite hostname="AdminPC" name="db.tests.allWeb.OpenAllWeb" tests="1" failures="0" timestamp="17 Apr 2016 21:25:27 GMT" time="20.004" errors="0">
  <testcase name="openWeb" time="20.004" classname="db.tests.allWeb.OpenAllWeb"/>
</testsuite> <!-- db.tests.allWeb.OpenAllWeb -->
