<?xml version="1.0" encoding="UTF-8"?>
<!-- Generated by org.testng.reporters.JUnitReportReporter -->
<testsuite hostname="AdminPC" name="db.tests.CloseSession" tests="1" failures="0" timestamp="21 Jan 2016 17:45:46 GMT" time="0.983" errors="0">
  <testcase name="testUntitled" time="0.983" classname="db.tests.CloseSession"/>
</testsuite> <!-- db.tests.CloseSession -->
