<?xml version="1.0" encoding="UTF-8"?>
<!-- Generated by org.testng.reporters.JUnitReportReporter -->
<testsuite hostname="dancobygro0020" name="db.tests.allWeb.CloseSessionLotes" tests="1" failures="0" timestamp="3 May 2016 13:26:35 GMT" time="153.882" errors="0">
  <testcase name="readAndCloseActiveSession" time="153.882" classname="db.tests.allWeb.CloseSessionLotes"/>
</testsuite> <!-- db.tests.allWeb.CloseSessionLotes -->
