<?xml version="1.0" encoding="UTF-8"?>
<!-- Generated by org.testng.reporters.JUnitReportReporter -->
<testsuite hostname="dancobygro0020" name="db.tests.IsSessionClosed" tests="1" failures="0" timestamp="21 Jan 2016 10:01:35 GMT" time="2.894" errors="0">
  <testcase name="testUntitled" time="2.894" classname="db.tests.IsSessionClosed"/>
</testsuite> <!-- db.tests.IsSessionClosed -->
