<?xml version="1.0" encoding="UTF-8"?>
<!-- Generated by org.testng.reporters.JUnitReportReporter -->
<testsuite hostname="dancobygro0020" name="db.tests.allWeb.AOpenAllWeb" tests="1" failures="0" timestamp="4 May 2016 11:54:55 GMT" time="13.985" errors="0">
  <testcase name="openWeb" time="13.985" classname="db.tests.allWeb.AOpenAllWeb"/>
</testsuite> <!-- db.tests.allWeb.AOpenAllWeb -->
