<?xml version="1.0" encoding="UTF-8"?>
<!-- Generated by org.testng.reporters.JUnitReportReporter -->
<testsuite hostname="dancobygro0020" name="db.tests.OpenSession" tests="1" failures="0" timestamp="19 Jan 2016 11:34:54 GMT" time="22.451" errors="0">
  <testcase name="testUntitled" time="22.451" classname="db.tests.OpenSession"/>
</testsuite> <!-- db.tests.OpenSession -->
