<?xml version="1.0" encoding="UTF-8"?>
<!-- Generated by org.testng.reporters.JUnitReportReporter -->
<testsuite hostname="dancobygro0020" name="db.tests.allWeb.AOpenAllWeb" tests="1" failures="0" timestamp="3 May 2016 13:26:35 GMT" time="11.009" errors="0">
  <testcase name="openWeb" time="11.009" classname="db.tests.allWeb.AOpenAllWeb"/>
</testsuite> <!-- db.tests.allWeb.AOpenAllWeb -->
