<?xml version="1.0" encoding="UTF-8"?>
<!-- Generated by org.testng.reporters.JUnitReportReporter -->
<testsuite hostname="dancobygro0020" name="db.tests.PRICE.IncomingValidation" tests="3" failures="0" timestamp="22 Jun 2016 10:58:14 GMT" time="15.501" errors="0">
  <testcase name="aReadFilesId" time="3.475" classname="db.tests.PRICE.IncomingValidation"/>
  <testcase name="bCompareRecorsCount" time="0.266" classname="db.tests.PRICE.IncomingValidation"/>
  <testcase name="cCheckTotalsCalculation" time="11.760" classname="db.tests.PRICE.IncomingValidation"/>
</testsuite> <!-- db.tests.PRICE.IncomingValidation -->
