<?xml version="1.0" encoding="UTF-8"?>
<!-- Generated by org.testng.reporters.JUnitReportReporter -->
<testsuite hostname="dancobygro0020" name="db.tests.allWeb.OpenAllWeb" tests="1" failures="0" timestamp="8 Apr 2016 07:26:08 GMT" time="17.084" errors="0">
  <testcase name="openWeb" time="17.084" classname="db.tests.allWeb.OpenAllWeb"/>
</testsuite> <!-- db.tests.allWeb.OpenAllWeb -->
