<?xml version="1.0" encoding="UTF-8"?>
<!-- Generated by org.testng.reporters.JUnitReportReporter -->
<testsuite hostname="dancobygro0020" name="db.tests.allWeb.OpenAllWeb" tests="1" failures="0" timestamp="18 Apr 2016 13:26:40 GMT" time="27.239" errors="0">
  <testcase name="openWeb" time="27.239" classname="db.tests.allWeb.OpenAllWeb"/>
</testsuite> <!-- db.tests.allWeb.OpenAllWeb -->
