<?xml version="1.0" encoding="UTF-8"?>
<!-- Generated by org.testng.reporters.JUnitReportReporter -->
<testsuite hostname="AdminPC" name="db.tests.allWeb.OpenContainerPage" tests="1" failures="0" timestamp="4 Apr 2016 19:49:37 GMT" time="15.699" errors="0">
  <testcase name="openContainerPage" time="15.699" classname="db.tests.allWeb.OpenContainerPage"/>
</testsuite> <!-- db.tests.allWeb.OpenContainerPage -->
