<?xml version="1.0" encoding="UTF-8"?>
<!-- Generated by org.testng.reporters.JUnitReportReporter -->
<testsuite hostname="AdminPC" name="db.tests.PRICE.ContainerOperationLoadingExecuition" tests="1" failures="0" timestamp="8 Apr 2016 20:58:36 GMT" time="13.833" errors="0">
  <testcase name="openContainerPage" time="13.833" classname="db.tests.PRICE.ContainerOperationLoadingExecuition"/>
</testsuite> <!-- db.tests.PRICE.ContainerOperationLoadingExecuition -->
