<?xml version="1.0" encoding="UTF-8"?>
<!-- Generated by org.testng.reporters.JUnitReportReporter -->
<testsuite hostname="AdminPC" name="db.tests.allWeb.CloseSessionLotes" tests="1" failures="0" timestamp="22 May 2016 20:00:03 GMT" time="128.350" errors="0">
  <testcase name="readAndCloseActiveSession" time="128.350" classname="db.tests.allWeb.CloseSessionLotes"/>
</testsuite> <!-- db.tests.allWeb.CloseSessionLotes -->
