<?xml version="1.0" encoding="UTF-8"?>
<!-- Generated by org.testng.reporters.JUnitReportReporter -->
<testsuite hostname="dancobygro0020" name="db.tests.allWeb.OpenContainerPage" tests="1" failures="0" timestamp="14 Mar 2016 14:23:03 GMT" time="26.463" errors="0">
  <testcase name="openContainerPage" time="26.463" classname="db.tests.allWeb.OpenContainerPage"/>
</testsuite> <!-- db.tests.allWeb.OpenContainerPage -->
