<?xml version="1.0" encoding="UTF-8"?>
<!-- Generated by org.testng.reporters.JUnitReportReporter -->
<testsuite hostname="AdminPC" name="db.tests.allWeb.OpenAllWeb" tests="1" failures="0" timestamp="8 Apr 2016 20:58:36 GMT" time="17.923" errors="0">
  <testcase name="openWeb" time="17.923" classname="db.tests.allWeb.OpenAllWeb"/>
</testsuite> <!-- db.tests.allWeb.OpenAllWeb -->
