<?xml version="1.0" encoding="UTF-8"?>
<!-- Generated by org.testng.reporters.JUnitReportReporter -->
<testsuite hostname="dancobygro0020" name="db.tests.PRICE.CheckRecordsAmount" tests="1" failures="0" timestamp="11 Apr 2016 06:36:51 GMT" time="0.803" errors="0">
  <testcase name="openContainerPage" time="0.803" classname="db.tests.PRICE.CheckRecordsAmount"/>
</testsuite> <!-- db.tests.PRICE.CheckRecordsAmount -->
