<?xml version="1.0" encoding="UTF-8"?>
<!-- Generated by org.testng.reporters.JUnitReportReporter -->
<testsuite hostname="dancobygro0020" name="db.tests.PRICE.IncomingValidation" tests="4" failures="0" timestamp="15 Apr 2016 13:04:53 GMT" time="29.983" errors="0">
  <testcase name="checkTotalsCalculation" time="14.811" classname="db.tests.PRICE.IncomingValidation"/>
  <testcase name="checkFilePreferences" time="3.647" classname="db.tests.PRICE.IncomingValidation"/>
  <testcase name="checkMessageErrors" time="6.771" classname="db.tests.PRICE.IncomingValidation"/>
  <testcase name="checkParsingMessages" time="4.754" classname="db.tests.PRICE.IncomingValidation"/>
</testsuite> <!-- db.tests.PRICE.IncomingValidation -->
