<?xml version="1.0" encoding="UTF-8"?>
<!-- Generated by org.testng.reporters.JUnitReportReporter -->
<testsuite hostname="dancobygro0020" name="db.tests.PRICE.IOOperationsPrice" tests="2" failures="0" timestamp="20 Apr 2016 13:23:41 GMT" time="55.191" errors="0">
  <testcase name="aOpenContainerPage" time="22.041" classname="db.tests.PRICE.IOOperationsPrice"/>
  <testcase name="dDisplayingErrorsOfMessages" time="33.150" classname="db.tests.PRICE.IOOperationsPrice"/>
</testsuite> <!-- db.tests.PRICE.IOOperationsPrice -->
