<?xml version="1.0" encoding="UTF-8"?>
<!-- Generated by org.testng.reporters.JUnitReportReporter -->
<testsuite hostname="dancobygro0020" name="db.tests.allWeb.AOpenAllWeb" tests="1" failures="0" timestamp="31 May 2016 05:49:32 GMT" time="11.462" errors="0">
  <testcase name="openWeb" time="11.462" classname="db.tests.allWeb.AOpenAllWeb"/>
</testsuite> <!-- db.tests.allWeb.AOpenAllWeb -->
