<?xml version="1.0" encoding="UTF-8"?>
<!-- Generated by org.testng.reporters.JUnitReportReporter -->
<testsuite hostname="AdminPC" name="db.tests.allWeb.AOpenAllWeb" tests="1" failures="0" timestamp="22 May 2016 20:00:03 GMT" time="31.488" errors="0">
  <testcase name="openWeb" time="31.488" classname="db.tests.allWeb.AOpenAllWeb"/>
</testsuite> <!-- db.tests.allWeb.AOpenAllWeb -->
