<?xml version="1.0" encoding="UTF-8"?>
<!-- Generated by org.testng.reporters.JUnitReportReporter -->
<testsuite hostname="AdminPC" name="db.tests.TestDB" tests="1" failures="0" timestamp="13 Jan 2016 15:55:36 GMT" time="4.246" errors="0">
  <testcase name="testUntitled" time="4.246" classname="db.tests.TestDB"/>
</testsuite> <!-- db.tests.TestDB -->
