<?xml version="1.0" encoding="UTF-8"?>
<!-- Generated by org.testng.reporters.JUnitReportReporter -->
<testsuite hostname="dancobygro0020" name="db.tests.TestDB" tests="1" failures="0" timestamp="16 Jan 2016 12:30:17 GMT" time="7.566" errors="0">
  <testcase name="testUntitled" time="7.566" classname="db.tests.TestDB"/>
</testsuite> <!-- db.tests.TestDB -->
