<?xml version="1.0" encoding="UTF-8"?>
<!-- Generated by org.testng.reporters.JUnitReportReporter -->
<testsuite hostname="dancobygro0020" name="db.tests.TestDB" tests="1" failures="0" timestamp="14 Jan 2016 14:59:56 GMT" time="25.487" errors="0">
  <testcase name="testUntitled" time="25.487" classname="db.tests.TestDB"/>
</testsuite> <!-- db.tests.TestDB -->
